[INFO] Scanning for projects...
[INFO] 
[INFO] ---------------------< com.agendarosa:agendarosa >----------------------
[INFO] Building  0.0.1-SNAPSHOT
[INFO]   from pom.xml
[INFO] --------------------------------[ jar ]---------------------------------
[INFO] 
[INFO] >>> spring-boot:4.0.3:run (default-cli) > test-compile @ agendarosa >>>
[INFO] 
[INFO] --- resources:3.3.1:resources (default-resources) @ agendarosa ---
[INFO] Copying 1 resource from src\main\resources to target\classes
[INFO] Copying 2 resources from src\main\resources to target\classes
[INFO] 
[INFO] --- compiler:3.14.1:compile (default-compile) @ agendarosa ---
[INFO] Nothing to compile - all classes are up to date.
[INFO] 
[INFO] --- resources:3.3.1:testResources (default-testResources) @ agendarosa ---
[INFO] skip non existing resourceDirectory C:\Users\RD\Documents\AgendaRosa\agendarosa\agendarosa\src\test\resources
[INFO] 
[INFO] --- compiler:3.14.1:testCompile (default-testCompile) @ agendarosa ---
[INFO] Nothing to compile - all classes are up to date.
[INFO] 
[INFO] <<< spring-boot:4.0.3:run (default-cli) < test-compile @ agendarosa <<<
[INFO] 
[INFO] 
[INFO] --- spring-boot:4.0.3:run (default-cli) @ agendarosa ---
[INFO] Attaching agents: []

  .   ____          _            __ _ _
 /\\ / ___'_ __ _ _(_)_ __  __ _ \ \ \ \
( ( )\___ | '_ | '_| | '_ \/ _` | \ \ \ \
 \\/  ___)| |_)| | | | | || (_| |  ) ) ) )
  '  |____| .__|_| |_|_| |_\__, | / / / /
 =========|_|==============|___/=/_/_/_/

 :: Spring Boot ::                (v4.0.3)

2026-03-21T13:24:54.485-03:00  INFO 83328 --- [  restartedMain] com.agendarosa.agendarosa.Application    : Starting Application using Java 21.0.9 with PID 83328 (C:\Users\RD\Documents\AgendaRosa\agendarosa\agendarosa\target\classes started by RD in C:\Users\RD\Documents\AgendaRosa\agendarosa\agendarosa)
2026-03-21T13:24:54.494-03:00  INFO 83328 --- [  restartedMain] com.agendarosa.agendarosa.Application    : No active profile set, falling back to 1 default profile: "default"
2026-03-21T13:24:54.495-03:00 DEBUG 83328 --- [  restartedMain] o.s.boot.SpringApplication               : Loading source class com.agendarosa.agendarosa.Application
2026-03-21T13:24:54.544-03:00 DEBUG 83328 --- [  restartedMain] o.s.b.devtools.restart.ChangeableUrls    : Matching URLs for reloading : [file:/C:/Users/RD/Documents/AgendaRosa/agendarosa/agendarosa/target/classes/]
2026-03-21T13:24:54.545-03:00 DEBUG 83328 --- [  restartedMain] o.s.b.d.settings.DevToolsSettings        : Included patterns for restart : []
2026-03-21T13:24:54.546-03:00 DEBUG 83328 --- [  restartedMain] o.s.b.d.settings.DevToolsSettings        : Excluded patterns for restart : [/spring-boot-starter-[\w-]+/, /spring-boot/(bin|build|out)/, /spring-boot-starter/(bin|build|out)/, /spring-boot-devtools/(bin|build|out)/, /spring-boot-actuator/(bin|build|out)/, /spring-boot-autoconfigure/(bin|build|out)/]
2026-03-21T13:24:54.546-03:00  INFO 83328 --- [  restartedMain] .e.DevToolsPropertyDefaultsPostProcessor : Devtools property defaults active! Set 'spring.devtools.add-properties' to 'false' to disable
2026-03-21T13:24:54.546-03:00  INFO 83328 --- [  restartedMain] .e.DevToolsPropertyDefaultsPostProcessor : For additional web related logging consider setting the 'logging.level.web' property to 'DEBUG'
2026-03-21T13:24:54.547-03:00 DEBUG 83328 --- [  restartedMain] ConfigServletWebServerApplicationContext : Refreshing org.springframework.boot.web.server.servlet.context.AnnotationConfigServletWebServerApplicationContext@1e2215c4
2026-03-21T13:24:55.412-03:00 DEBUG 83328 --- [  restartedMain] o.s.b.t.s.TomcatServletWebServerFactory  : Code archive: C:\Users\RD\.m2\repository\org\springframework\boot\spring-boot-web-server\4.0.3\spring-boot-web-server-4.0.3.jar
2026-03-21T13:24:55.412-03:00 DEBUG 83328 --- [  restartedMain] o.s.b.t.s.TomcatServletWebServerFactory  : Code archive: C:\Users\RD\.m2\repository\org\springframework\boot\spring-boot-web-server\4.0.3\spring-boot-web-server-4.0.3.jar
2026-03-21T13:24:55.412-03:00 DEBUG 83328 --- [  restartedMain] o.s.b.t.s.TomcatServletWebServerFactory  : None of the document roots [src/main/webapp, public, static] point to a directory and will be ignored.
2026-03-21T13:24:55.494-03:00  INFO 83328 --- [  restartedMain] o.s.boot.tomcat.TomcatWebServer          : Tomcat initialized with port 8081 (http)
